page3.html,
page5.html?y=2&x=0&d=3&a=2&e=2&c=0,http://www.google.com
page3.html?y=0&a=0&c=0,
page3.html?x=1&a=2,http://yahoo.co.jp
page2.html?x=2&e=2&b=0&c=1,http://badsite.com
page5.html?c=1,
page1.html?a=1&c=1&d=0,http://badsite.com
page4.html?a=3,http://badsite.com
page1.html?y=2&c=2&e=0&a=3&x=3&z=3&d=1,http://yahoo.co.jp
page2.html?d=3,http://badsite.com
page5.html,http://facebook.jp
page4.html?x=2&z=2&d=0&a=2&c=3&y=0,http://badsite.com
page1.html,http://yahoo.co.jp
page1.html,http://www.google.com
page5.html?y=1&x=3&a=3&z=1&e=3&b=2&c=2,http://facebook.jp
page4.html?a=2,http://yahoo.co.jp
page5.html?c=3&a=0&d=0&e=0,http://www.google.com
page5.html?a=1&d=3&c=0&y=3&b=1&e=3&z=2&x=1,http://facebook.jp
page2.html?z=1&b=3&y=0&a=1&d=3,
page5.html,http://facebook.jp
page3.html?a=3&x=1&e=2&d=0&y=1,http://badsite.com
page4.html?x=1&z=3&c=0&d=3,http://facebook.jp
page3.html,http://www.google.com
page4.html,http://yahoo.co.jp
page1.html?b=2&d=0&e=1&z=0,http://www.google.com
page1.html?e=1&c=0&z=1&a=0&b=1,
index.html?c=1&b=0&a=1&e=2&z=1&y=2&d=3,http://yahoo.co.jp
index.html?x=1&b=0&a=1,http://www.google.com
page4.html?d=1,
page2.html?a=0,
page3.html?d=2&y=3&e=0&z=1&b=2&c=1,http://yahoo.co.jp
page5.html?b=1&e=3&y=1&a=2&z=0,http://badsite.com
page5.html?b=3&x=0,http://badsite.com
page4.html?d=3&y=0&x=2,http://www.google.com
page1.html?y=0&c=2&x=3&b=1,
page5.html?b=3&z=2&e=3,http://badsite.com
page5.html?y=3&x=3&b=3&z=3,http://yahoo.co.jp
page5.html?d=2&a=2&e=1,http://badsite.com
index.html?z=3&a=3&x=0,http://badsite.com
page4.html?c=2&a=3&b=3&x=0&e=1,http://www.google.com
page1.html?z=0&b=0&d=2&e=0&a=3,http://www.google.com
page4.html?y=1&c=0&z=0&d=1&a=0&b=1&x=2,
page4.html?y=0&d=0,http://www.google.com
page2.html?x=0&a=1&e=0&z=0&d=1&c=1&b=1&y=3,http://yahoo.co.jp
index.html?e=1,http://badsite.com
page1.html?y=1&d=0&a=1&z=3&e=1,http://www.google.com
page3.html?c=2&x=3&a=3,http://facebook.jp
page4.html?x=2&c=0&e=1&b=3,
index.html?e=0&y=2&d=3&a=3&x=0&b=3,
page4.html?d=1&e=1&a=1&z=2&b=1&x=2&y=1&c=0,http://www.google.com
page5.html?x=2&y=3&c=0&a=1,
page4.html?z=2&d=3,http://www.google.com
index.html?y=2&x=2&e=0&d=0&b=3&a=3&z=3&c=3,http://badsite.com
page1.html?y=3&z=3&b=2&x=3&d=3&c=0,http://facebook.jp
page1.html,
page1.html?a=2&x=1&c=3&d=3&y=1&e=3&b=2&z=0,http://badsite.com
page5.html?z=2&c=0&d=1&x=3&y=0&e=0,http://www.google.com
index.html?y=0&c=0&z=1&x=3&b=0&e=1&a=2&d=1,http://badsite.com
page3.html?y=1&x=3&d=2,http://badsite.com
page2.html?x=0&e=0&c=3&z=0&b=0&y=0&d=2,http://badsite.com
page2.html?b=2&x=2&y=0&c=1&d=0&e=0,http://www.google.com
page2.html?e=3&b=3&a=3&c=0&y=1,http://yahoo.co.jp
page1.html?x=0&a=3&y=1&z=1&b=3&e=2&c=3&d=2,
page1.html?e=3&z=1&d=3&c=0&x=1,http://badsite.com
page2.html?x=0&y=1&b=0&z=2,
page2.html?b=0&e=3&c=0&a=1,
page4.html?c=2&z=2,
index.html?x=2&d=2&y=0&e=3&c=3&z=0,http://www.google.com
page4.html?b=0&z=0&e=2&y=3&c=2&a=3&d=2,http://yahoo.co.jp
page5.html?b=3&a=1&d=0&x=3&e=0&z=3&c=2,http://www.google.com
page4.html,http://facebook.jp
page4.html?e=0,http://facebook.jp
page3.html?d=2&a=2&x=3,http://facebook.jp
index.html?z=2&y=3&e=0&a=3,http://yahoo.co.jp
index.html?d=1,
page5.html?x=0&y=1&e=3&z=1,http://yahoo.co.jp
index.html?d=2&b=2&c=2&z=2,http://www.google.com
page3.html?e=3&x=0&z=0&d=3&y=2&b=3,http://www.google.com
page2.html?x=3&a=2&c=2&z=2&b=1&y=0,http://facebook.jp
page2.html?a=3&y=3&b=3&d=1,http://facebook.jp
page5.html?b=0&x=1,http://yahoo.co.jp
page3.html?e=3&z=0&d=0&b=2&c=3&x=3,http://badsite.com
page3.html?b=3&x=2&e=0&d=0&y=3&a=2,http://badsite.com
page5.html?d=2&y=2&b=2&e=2&a=2&c=0&z=1&x=3,http://facebook.jp
page3.html?x=1&z=3&a=2,http://facebook.jp
page1.html?d=2&e=2&c=3&y=1&x=0&z=3&a=3&b=0,
page2.html?d=0,http://www.google.com
index.html?x=1&z=2&d=3&e=3&b=1&a=0&y=0&c=1,http://www.google.com
page5.html?a=3,http://www.google.com
page2.html?d=2&c=1&z=0,http://facebook.jp
page1.html?c=2&x=3&b=1,http://facebook.jp
page1.html?c=2&a=1&b=2&e=3&x=0,http://yahoo.co.jp
page1.html?e=2&z=1,http://www.google.com
index.html?b=3&x=3,http://yahoo.co.jp
page4.html?z=0&d=0&x=3&e=0&y=0,http://badsite.com
page5.html?c=0&x=2&e=1&z=3,
page2.html?y=0,http://facebook.jp
page2.html?d=0&c=0&b=2&e=1&x=2&y=2&z=1,http://www.google.com
index.html?y=0&x=0&b=3&z=0&d=1&a=2&e=0&c=2,http://facebook.jp
page4.html?y=3&a=0&b=2,
index.html,http://www.google.com
page5.html,http://yahoo.co.jp
page4.html?b=1,
page2.html?d=3,http://facebook.jp
page5.html,
page4.html?a=0&c=0&e=0&z=1&y=1&b=0&d=3,http://facebook.jp
page2.html?z=2&d=1&a=1&b=3&x=0&e=0&c=2,http://badsite.com
page4.html?z=1&e=1,
index.html?z=2,http://facebook.jp
index.html?y=0&e=0&z=3&x=1&b=0,http://facebook.jp
page4.html?x=3&d=0&c=3,
page3.html?x=1,http://yahoo.co.jp
page3.html?b=1&x=3&a=0&c=1&y=2&z=2,http://facebook.jp
page3.html?z=3&b=3&y=3&d=3&e=0,http://www.google.com
page2.html?c=2&z=2&y=3&d=0,http://yahoo.co.jp
page1.html?c=2&z=0&d=3&e=1,http://facebook.jp
page5.html?y=1&d=0&z=3&b=3&x=2,http://www.google.com
page5.html,http://badsite.com
page2.html?e=1&c=1&a=0&z=1&x=3&y=1,http://yahoo.co.jp
page3.html,
page3.html?z=2,http://yahoo.co.jp
index.html?c=0&d=0&e=3&a=3&x=0&b=3&z=1&y=3,http://badsite.com
page3.html?z=1&a=3&y=3&b=2,http://www.google.com
page4.html?z=1&b=2&y=2&e=1&c=2&x=3,http://facebook.jp
index.html?a=3&c=0,http://www.google.com
page1.html?d=1&z=2&b=2&e=3&y=0&c=0,http://yahoo.co.jp
index.html?y=1&d=3&x=1&e=0&c=3&z=2&b=3,
page3.html?z=3&a=3&y=0&b=3&d=3,http://facebook.jp
page5.html,http://badsite.com
page5.html?e=1&x=2&b=2,http://www.google.com
page4.html?a=3&b=2&z=0&c=3&y=3&e=0&d=3,http://badsite.com
page1.html?y=0&e=0,http://yahoo.co.jp
page2.html?e=3&b=2&d=3&a=2&x=3&y=2&c=1,http://facebook.jp
page5.html?a=3&d=1&c=1&y=0,
page5.html?x=3,
index.html?c=2&b=1&a=1&e=2&y=3&z=2&x=2,
page1.html?d=2&x=3&c=2&z=1&e=3&a=2&b=3&y=2,http://yahoo.co.jp
index.html?z=1&x=2&b=0&d=3&c=2,http://badsite.com
index.html?d=2&a=2&e=0&x=1&c=1&b=3&z=1&y=0,
page2.html?x=0&e=3&c=1&a=0,http://yahoo.co.jp
page5.html?x=2,http://facebook.jp
page2.html?b=1,http://yahoo.co.jp
index.html?e=3&d=1&x=1&a=2&y=2,
page3.html?y=1&x=1&z=0&e=3&c=0,
page2.html?c=1&b=2&e=2&z=3&x=1&a=0&d=1&y=3,
page1.html?z=2&d=2&e=0&y=3&b=2&c=3&x=1,
page4.html,http://www.google.com
page4.html?d=3,
page1.html?b=3&c=0&e=2&x=3&a=3&d=3&z=0,http://www.google.com
page2.html?c=2&e=0&y=1&z=1&a=1&x=1&b=0,http://badsite.com
page1.html?d=1&e=0&c=3&z=2&y=2&x=2&a=0&b=2,http://facebook.jp
page3.html?x=0,http://yahoo.co.jp
page4.html?z=1&b=3&a=3&y=1&c=2&x=2&e=3,http://www.google.com
page1.html?x=0&c=1&b=0&d=0&a=0&z=3,http://www.google.com
page3.html?c=1&z=2&x=1&d=3&e=1,http://yahoo.co.jp
page3.html?e=3&y=0&x=2&b=0&z=1,http://yahoo.co.jp
page3.html?x=2&d=0&y=0&b=3&a=0,http://badsite.com
page3.html?d=3&b=2&y=3&c=2,http://yahoo.co.jp
page4.html?e=0,http://facebook.jp
page2.html?y=3&e=0&c=1&a=0,http://yahoo.co.jp
page5.html?c=1,http://facebook.jp
page2.html,http://www.google.com
page4.html,http://badsite.com
page5.html?z=2&c=2&a=3&y=0&b=3&x=3&d=3,http://facebook.jp
page4.html?a=1&z=2&c=0,http://badsite.com
page4.html?b=2&e=3&d=1,http://facebook.jp
page3.html?b=3&c=1&x=3&y=2&a=0&e=0&z=0&d=1,
index.html?e=2&x=1&d=1&a=0,http://facebook.jp
page1.html?y=1&d=2&x=3&b=1&c=3&z=3,http://www.google.com
page3.html?a=0&z=1&e=1&x=2&d=2&b=2&y=0,
page1.html?c=1&y=2&d=2&b=0&e=0&a=2,http://facebook.jp
page3.html?c=3,http://badsite.com
page5.html,http://facebook.jp
page1.html,http://www.google.com
page1.html?y=0&e=1&a=0&x=2&z=2&c=1&d=0&b=2,http://facebook.jp
page1.html?b=3&y=3&a=0&z=0&c=3&x=0&e=2,http://yahoo.co.jp
page1.html?c=0&e=2&d=0&y=2,
page4.html,http://facebook.jp
page1.html?y=3&c=3&e=2&z=0&x=2,http://www.google.com
page4.html,http://badsite.com
page2.html?z=2,http://badsite.com
index.html?c=1&e=0&z=0&d=1&x=1&a=2,http://badsite.com
page2.html?d=0&x=1&e=0&c=2&z=0&b=1&y=1,http://badsite.com
page1.html?y=2&z=3,http://yahoo.co.jp
index.html?d=1&c=1,http://www.google.com
page2.html?y=2&d=1&a=1&c=0&z=3&x=2&b=2,
page3.html?e=2&b=1&c=3,http://badsite.com
page5.html?a=3&c=2&e=2&b=0&z=2&x=2,http://badsite.com
page3.html?y=2&b=2,http://www.google.com
index.html?c=0&a=3&x=0&e=3&b=1&z=3&y=3,http://yahoo.co.jp
index.html?y=1&a=2&z=2&b=3,http://facebook.jp
page3.html?y=3&c=2&b=3&x=2,http://yahoo.co.jp
page1.html?a=1&e=0&d=3&z=2&y=3&c=2&b=2,http://facebook.jp
page2.html,http://facebook.jp
page3.html?c=0,
page5.html,http://badsite.com
page3.html?x=3&y=3&a=1&c=0,http://badsite.com
page1.html,
index.html?x=2&b=1&y=2,http://www.google.com
page2.html?y=2&z=2&x=1&b=2&c=3&d=1&a=3,http://www.google.com
page5.html?z=2&e=2&a=3&b=1,http://www.google.com
index.html?d=1&z=3&c=1&e=0&x=2,http://facebook.jp
page3.html?x=2&e=3&z=1&c=1&b=2&y=3&a=1,http://facebook.jp
page1.html?d=2&b=3&y=2&a=1,http://badsite.com
page3.html?z=0&c=1&b=2&a=1,
index.html?e=2&b=2&y=2,
page2.html?y=3&x=2&c=3&z=0,http://www.google.com
page4.html?e=2&y=2&c=3,http://facebook.jp
page4.html?z=3&x=3&b=1,http://www.google.com
index.html?c=1&z=0&d=2&b=1&x=0&e=1,http://facebook.jp
index.html?z=1&e=0&y=2&b=1&x=2&c=2&d=3,http://yahoo.co.jp
page4.html?y=1&b=3&c=3&d=3&a=0,http://facebook.jp
page4.html?x=2&y=0&z=0&b=0&d=2&c=0&a=3&e=0,http://facebook.jp
page5.html?b=0&d=0&z=1&x=3&e=0,http://badsite.com
page5.html?z=1&c=2&a=3&y=2&e=2&b=0&x=1&d=0,http://www.google.com
page1.html?d=3&c=3&y=2,http://badsite.com
page4.html?b=2&c=2&x=3&e=0&y=1&a=0,
page3.html?x=3&b=1&e=0&d=3,http://www.google.com
page4.html?z=0&y=2&a=1&c=0&d=3&b=2&x=1,http://yahoo.co.jp
page3.html?c=0,http://yahoo.co.jp
index.html?b=3&z=0&e=3&x=0&d=3&c=0,
page1.html?x=1&y=1&c=0&e=3&a=2&b=0,http://www.google.com
page3.html?y=3&z=2&x=3&d=3&e=3&c=0&a=2,http://facebook.jp
page4.html?b=0&x=0&c=1&a=1&d=2,http://yahoo.co.jp
index.html?c=3&z=1&a=0&x=3,http://www.google.com
page3.html?a=1&z=1&y=3&d=2&c=2&e=0&b=0,http://facebook.jp
page5.html?b=3&c=2&a=1&e=3&y=0,
index.html?e=1&d=3&z=0&y=3&b=0,http://yahoo.co.jp
page2.html?e=1&b=2&d=3&a=2&z=1&y=0&c=2,http://www.google.com
index.html?y=3&x=2&c=1&a=3,http://www.google.com
page5.html?a=0&z=1,http://yahoo.co.jp
page3.html?d=1&e=1&y=0&b=2&a=3&c=3,
page1.html?e=3,http://yahoo.co.jp
page3.html?d=0&b=2,
page2.html?e=0&b=3,http://facebook.jp
page1.html?x=3&d=0&z=1&a=0,http://facebook.jp
page5.html?e=2&c=0&x=3,http://yahoo.co.jp
page3.html?x=1&e=2&b=0&y=1&c=1&a=0&d=3&z=2,http://yahoo.co.jp
index.html?d=3,http://www.google.com
page5.html?y=1,http://www.google.com
page3.html?x=0&e=2&z=0&c=1&b=3&a=2,http://facebook.jp
page2.html?b=0&x=3&e=2&d=1&a=0,http://facebook.jp
index.html,http://www.google.com
index.html?b=1&x=1&e=0&z=2&a=2,http://www.google.com
page5.html?y=1&b=3&x=2&e=1&c=3&a=0,http://www.google.com
page3.html?c=2&b=0&x=0&z=0&d=2,
index.html?b=2&c=0&y=0&z=3&d=0&x=1&e=2,http://badsite.com
page4.html?e=1&b=0&a=2&d=3&y=0&c=1&z=3,http://badsite.com
page4.html?c=0&z=0&a=3,http://yahoo.co.jp
page4.html?z=3&e=2&b=2&d=1&a=2&y=3,http://yahoo.co.jp
page4.html?d=0&x=2&a=3&z=0&c=1,http://yahoo.co.jp
page3.html?a=1&c=1&e=0&d=3&x=0&z=3&y=2,http://badsite.com
page4.html?b=1&d=0&e=1&y=2,http://www.google.com
page3.html,http://yahoo.co.jp
page2.html?x=1&a=0&y=3,http://badsite.com
page3.html?d=2&b=1&c=2&e=3&y=2&z=2&x=3&a=1,
page5.html?z=2&c=1,
page5.html,http://facebook.jp
index.html?b=3&y=1&z=0&a=3&e=1&x=3&d=3&c=2,http://facebook.jp
page5.html?x=1&c=0&e=0&a=1,http://www.google.com
index.html?a=3&d=0&x=1&c=0,http://badsite.com
page5.html?c=2,http://facebook.jp
page4.html,http://facebook.jp
index.html,http://badsite.com
page4.html?c=3&d=2&x=1,http://www.google.com
page4.html?e=2&z=0&a=3,http://facebook.jp
page2.html?b=0&c=3&y=2&a=3,http://www.google.com
index.html?x=0&c=1&y=0,http://badsite.com
index.html?z=0&x=3&y=0&e=1&d=3&b=3&a=3,http://yahoo.co.jp
page4.html?d=0&e=2&y=2&a=0&x=3&z=1&b=1&c=3,http://www.google.com
page3.html?x=3&b=2,
page5.html?y=1&z=2&a=0&c=3&e=2&x=3,http://www.google.com
index.html?z=2,
page5.html?c=0,http://facebook.jp
page1.html?z=2&a=0,http://www.google.com
index.html?x=2&y=2,http://facebook.jp
page5.html?e=2&d=2&z=0&y=3&c=0&a=1&b=1,http://yahoo.co.jp
page5.html?y=3&x=1&b=3&z=2,
page1.html?z=2&a=0&c=2&x=2&y=0&e=3,http://badsite.com
index.html?e=3&x=1&z=1&b=3&y=3&a=2&d=1&c=3,http://facebook.jp
index.html?d=1,http://facebook.jp
page1.html?d=1&z=1&y=0&b=2&x=2&a=3,http://www.google.com
page1.html?e=2,
page2.html?x=1&e=0,http://badsite.com
page5.html?z=3&a=1&y=0&x=1,http://facebook.jp
page2.html?b=1&x=3,http://badsite.com
page2.html?b=2&x=0&z=1&y=3,http://facebook.jp
index.html?y=1&a=0&x=2,http://www.google.com
page4.html?b=3&x=3&y=1&d=3&c=2,
page2.html?a=0,http://badsite.com
page5.html?d=2&z=3&y=1&c=2&x=3&b=1,http://yahoo.co.jp
page3.html?y=0,http://yahoo.co.jp
index.html?y=3&x=2,http://www.google.com
index.html?z=1&b=3&a=2&d=2,http://facebook.jp
page4.html?x=1&b=2&a=0&y=3&z=3&e=0,http://facebook.jp
page3.html,http://badsite.com
page4.html,http://facebook.jp
page2.html?a=1&c=0,http://facebook.jp
index.html?x=0&z=0&e=0&d=2&y=0&c=1&a=2&b=2,http://yahoo.co.jp
page1.html,http://yahoo.co.jp
page1.html?d=3&e=3,http://www.google.com
index.html?c=0&x=3&e=0&y=2&a=0&d=1&b=3,http://yahoo.co.jp
page5.html,
page1.html?z=2&c=1&e=0&a=1&d=2&x=3&b=2&y=0,http://www.google.com
page5.html,http://badsite.com
page5.html?a=0&z=0&c=2&e=2&y=2&x=3&b=0&d=0,http://badsite.com
page3.html?y=3&x=1&c=3&b=3&z=1&e=1&d=0,http://www.google.com
page1.html?x=1&y=1&c=0&a=1&e=3,http://facebook.jp
page5.html?d=3&a=0&b=1,http://badsite.com
index.html?a=1&e=0&b=3,http://facebook.jp
page3.html?c=3&y=1&a=0&b=1&e=2,http://yahoo.co.jp
page5.html?y=0&x=2,
page5.html?a=3&z=3&d=0,http://badsite.com
page3.html?z=0&e=1&y=1&d=3&a=1&b=2&x=3&c=3,http://facebook.jp
page2.html?x=2&y=3,http://www.google.com
page1.html?d=3&x=3&z=0,http://yahoo.co.jp
page2.html?e=3&x=2&z=1&b=2&y=1,http://yahoo.co.jp
page3.html?b=3&x=2,http://www.google.com
index.html?e=3&z=1&y=1&x=2&a=0&c=0&b=3&d=3,http://yahoo.co.jp
page2.html?c=2&b=2&z=2&y=2&e=2,http://facebook.jp
index.html?y=1&e=3&z=1&d=2&x=2&c=0&b=3,
page1.html?b=1,http://yahoo.co.jp
page5.html?d=2&c=3&x=3,http://yahoo.co.jp
page1.html?a=2&y=2&d=3&x=2&b=1,http://www.google.com
index.html?b=2&a=2&c=2,http://facebook.jp
page1.html?b=0&c=3&z=0,http://yahoo.co.jp
page3.html?d=1&x=3&b=1,http://badsite.com
page2.html?y=2&d=3&c=2&e=2&x=2,http://www.google.com
page4.html?a=0&x=3&z=3&c=2,http://www.google.com
page3.html?e=0,http://www.google.com
page5.html?b=3&e=0&c=0&z=1&x=3&y=1&d=2,http://badsite.com
page4.html?d=0,
page5.html?x=2&c=0&d=0,http://yahoo.co.jp
page2.html?a=0&e=0&z=3,http://badsite.com
page4.html?y=0&d=2&c=3&a=0&z=0&e=2,http://www.google.com
page1.html?b=0&c=2&z=3,http://yahoo.co.jp
page2.html?y=3&b=0&e=0,http://facebook.jp
page3.html,http://facebook.jp
page2.html?x=0&c=3&y=0&a=2&z=2&d=3&e=1,http://badsite.com
page3.html?b=1&y=3&a=0&z=0&x=1&c=3&e=1&d=0,
page2.html?x=3&z=2&e=0&a=2&d=2&c=2,http://yahoo.co.jp
page1.html,http://badsite.com
page5.html?z=2&y=3&a=2&d=2&e=2&x=1&b=0,http://www.google.com
page4.html,
page3.html?d=0&e=1&y=0&b=1&c=0&z=3&a=3&x=2,http://www.google.com
page2.html?a=0&b=0&y=2&x=3,http://badsite.com
index.html?c=2&x=2,
page3.html?c=1&z=0&b=1&y=1&a=2&d=2&e=1,http://badsite.com
page1.html?a=2&d=2&y=1&b=1,http://yahoo.co.jp
page2.html?b=2,http://yahoo.co.jp
page3.html,http://www.google.com
page4.html?d=3&c=3,http://badsite.com
page2.html?c=2&a=1&b=3&z=1&y=2&x=2&d=2&e=2,http://badsite.com
page4.html?b=1&a=1,http://badsite.com
page1.html?d=2&e=1&a=1&z=2&y=2&b=0,
index.html?e=0,
page4.html?y=0&c=2&d=1&z=0&b=1,http://yahoo.co.jp
page4.html?a=0&d=0&b=0&z=2&e=1,http://facebook.jp
page2.html?b=1&d=2,http://yahoo.co.jp
page2.html?b=1&a=3&d=1&y=1&x=0&c=2,http://badsite.com
page3.html?x=0&c=1&b=3&d=2&e=3&y=1,http://www.google.com
page1.html?a=2&b=1&d=2&e=3&y=3&c=0&x=2,
page4.html?c=1,http://yahoo.co.jp
page3.html?b=2&a=0&e=1&c=1&z=1&d=3,http://www.google.com
page1.html?d=0&e=2,http://badsite.com
page3.html?y=0&c=1&x=3&z=3&d=2&e=1&b=0&a=3,http://yahoo.co.jp
index.html?d=0&x=0&c=0,http://badsite.com
page4.html,http://facebook.jp
page1.html?e=0&d=1&c=3&a=0,http://badsite.com
page2.html?c=1&x=0&e=3&a=2,
page1.html,http://badsite.com
page2.html?b=2,http://yahoo.co.jp
page5.html,http://badsite.com
page4.html?a=0&x=3&e=0&c=1&d=1&y=3&z=0,
page1.html?d=0&x=3,http://badsite.com
page1.html?x=0&c=3&d=1&b=0&z=0,
page4.html?x=0&z=2,http://yahoo.co.jp
index.html?b=1&e=2&z=1&d=2&c=3,http://facebook.jp
page1.html?x=1&z=0&d=3&b=0&a=0&e=2&c=0&y=2,http://badsite.com
page3.html?d=1&b=2,http://yahoo.co.jp
page3.html?a=3&d=0&z=0&y=3&b=1,
page1.html?x=0&z=2&c=3&b=3,http://facebook.jp
page5.html?b=0&y=1&x=3&z=1,http://facebook.jp
page3.html?d=1&y=2&e=0&c=1&a=1&b=3,
index.html?y=2&e=0&b=2,http://www.google.com
page2.html?c=0&d=3&e=0,http://facebook.jp
page4.html?y=3&z=0&a=0&x=3&c=2&e=2&b=3,http://badsite.com
page1.html,http://www.google.com
page3.html?d=0&c=3&x=2&z=2,http://yahoo.co.jp
page4.html?y=0&a=2&x=2&z=2&b=1&c=0&d=3&e=3,http://badsite.com
page2.html?y=1&z=3&b=3&a=0&c=2&e=1&x=2&d=0,http://www.google.com
page3.html?x=0&d=2&e=1&b=2&a=2&c=3&y=1&z=1,http://yahoo.co.jp
page1.html?c=3&a=0&y=0&x=2,
index.html?a=2,http://yahoo.co.jp
index.html?y=2,http://yahoo.co.jp
page5.html,http://badsite.com
page2.html?b=3,http://www.google.com
page2.html?e=2&z=0&c=2&d=0,http://badsite.com
index.html?c=2&z=2&b=1&x=1&a=3&y=2&d=0,http://yahoo.co.jp
index.html,
page5.html?e=3&a=3,http://badsite.com
page3.html?y=1&c=1&z=0&d=2,
page3.html?e=2&b=0&c=1&a=3&d=2&x=0,http://badsite.com
page5.html?a=2&d=0,
page2.html?b=0&e=3&y=2&d=3&z=3,
page5.html?b=0&d=3&y=2&c=0&x=1&z=3&a=1,
index.html?e=0&z=3&x=3&y=3,http://facebook.jp
page4.html?a=2&d=2&z=1&c=2&y=3,http://badsite.com
index.html,http://facebook.jp
page1.html,http://facebook.jp
page4.html?b=0&y=1&x=3&a=0&e=3&z=1&c=2,http://yahoo.co.jp
page3.html?a=3&e=0,
page3.html?b=1&z=3&e=0&d=2&x=3&a=0,
page3.html?d=3,http://yahoo.co.jp
page4.html?z=2&a=1&d=3&y=2&b=3&c=3&x=3,http://yahoo.co.jp
page2.html?x=0&b=0&d=0&a=3&c=2&e=3,http://badsite.com
page3.html?e=3&d=1&z=2&b=2,http://facebook.jp
index.html,http://yahoo.co.jp
page3.html?z=0&y=3&a=0&c=1&b=2,
page4.html?a=0&z=3,http://badsite.com
index.html?x=0,http://yahoo.co.jp
page4.html?d=2&x=1&a=1&e=3,http://yahoo.co.jp
page4.html?x=1&e=3&c=0&y=3,http://facebook.jp
page2.html?y=3&d=1&x=0&e=2&z=3&c=2&b=1&a=1,http://badsite.com
index.html?x=2&y=3&c=2&b=3&d=3&a=3,http://facebook.jp
page1.html?y=2&e=2,http://facebook.jp
page3.html?x=2&z=0&c=2&b=0&d=3&y=1&e=0&a=3,http://yahoo.co.jp
index.html?c=2&x=3&d=3,
index.html?e=3&y=0&b=1&a=0&c=0&d=2&x=1,http://facebook.jp
page5.html?c=0&z=1&d=0&a=3&b=1&e=3,http://www.google.com
page5.html?x=2&y=3,http://badsite.com
page3.html?y=3&x=0&c=2,http://www.google.com
page5.html?b=2&c=3&a=3,http://www.google.com
page5.html?x=2&b=3&c=3&y=3&a=1,
page3.html?x=1&d=1&a=3&y=3&c=0&b=2&e=3,http://badsite.com
page5.html?d=1&z=2&b=2&a=2&y=0&x=1&c=2&e=3,http://facebook.jp
page3.html?e=3,http://facebook.jp
index.html?b=2&d=0&z=3&e=0&y=3&c=2&a=1,http://badsite.com
page1.html?d=1,http://yahoo.co.jp
page5.html?a=3&z=1&c=2&x=2&e=1&d=2,
page4.html?z=0&c=0,http://facebook.jp
page1.html?y=0&e=1&z=0&a=0&x=2&c=2&b=2,
index.html?y=0,http://www.google.com
index.html?d=2&x=1&z=2,http://yahoo.co.jp
page4.html?a=0&e=3&z=1&b=3&c=1&d=2&x=0,http://facebook.jp
page2.html?c=0&y=0&b=2&a=3&d=3,http://www.google.com
page3.html?y=1&d=0&b=2&c=3&z=3,http://yahoo.co.jp
page4.html?y=1&e=3&d=1,http://www.google.com
index.html?d=3&x=2&a=0&c=1&y=3&z=3,http://badsite.com
page1.html?b=0&d=1&a=3&c=3&y=3,http://yahoo.co.jp
page5.html?c=0&d=0&z=0&b=1&y=3,http://facebook.jp
page5.html?a=1&x=3&d=3&y=1&c=2,http://yahoo.co.jp
page4.html?e=0&z=2&a=1,http://www.google.com
page1.html?y=2&e=0&c=3&x=0&a=3&z=3&b=1,http://www.google.com
page3.html?e=1&c=0&z=1&b=3&x=1&d=0,http://facebook.jp
page1.html?b=2&a=0&e=3&d=2&z=2,http://facebook.jp
page3.html?b=1&c=1&y=0,http://yahoo.co.jp
page1.html?b=2&a=2&x=2&y=0&e=2&z=2&d=3,http://yahoo.co.jp
page1.html,
page2.html?x=0&b=2&a=0&y=2,http://yahoo.co.jp
page1.html?a=2&e=1&c=2&z=1&x=0&y=3&d=2,http://badsite.com
page3.html?b=0&e=0,http://badsite.com
page4.html?b=2&z=3&c=2&x=0&y=2&a=3&e=1,http://facebook.jp
page1.html?a=1&b=0&x=3&c=1,http://yahoo.co.jp
page5.html?a=1&e=3&b=0&c=1&z=1&x=0,http://badsite.com
page4.html?y=1&z=1&c=0&x=1&a=3,http://facebook.jp
page5.html,http://badsite.com
page4.html?y=2&c=1,http://www.google.com
page3.html?a=3,http://www.google.com
page3.html?z=3&d=1&y=2&c=2&b=0&e=3,http://facebook.jp
page5.html?x=0&a=0&e=2&c=2&z=0,http://yahoo.co.jp
index.html?z=0&e=1&b=1,http://facebook.jp
page4.html?a=0&c=3&x=0&z=0&y=3,http://badsite.com
page4.html?c=2&b=3&e=0&x=3&d=1&a=2&y=2,
page5.html?x=0&c=3&d=2&z=0&y=2&e=2&a=0&b=2,http://badsite.com
page4.html?c=2&e=2&x=3&b=2&a=2&d=0&y=2,http://www.google.com
page2.html?b=2&d=2,
page1.html?a=1&z=0&e=3,
index.html,
page2.html?a=3&y=3&x=2&d=0&z=2,http://www.google.com
page5.html,http://www.google.com
page1.html,http://www.google.com
page3.html?z=0&y=0,
page1.html?x=2&e=0&b=2&y=3&a=3&z=2&c=2&d=2,http://facebook.jp
index.html,http://www.google.com
page1.html?c=2&b=1&a=1&x=1&e=1,http://badsite.com
page5.html?a=3,http://www.google.com
page3.html?d=0&x=2&y=1,http://www.google.com
index.html,
index.html,http://badsite.com
page4.html?e=2&d=2,http://www.google.com
page2.html?c=1&d=3&z=1&b=1&e=1,http://www.google.com
page2.html,http://badsite.com
page3.html?y=0,
page2.html?b=1&d=1,http://yahoo.co.jp
page1.html?d=3&y=1&x=0,http://www.google.com
page1.html?b=2&x=0&c=2&a=2&z=1,http://www.google.com
index.html,http://yahoo.co.jp
page4.html?y=0&e=0&b=1,http://www.google.com
index.html?c=0&a=3,http://badsite.com
page5.html?z=3&c=0&x=2&b=1&a=2&y=3&e=2&d=2,http://facebook.jp
page1.html?x=1&e=3&c=1&a=1&b=3&d=3,http://yahoo.co.jp
index.html?c=0&z=3&y=2&x=2&b=2,http://facebook.jp
page5.html?c=2&b=2&z=0&y=3,http://yahoo.co.jp
page2.html?d=2&b=2&x=1&e=2&c=1&a=0&y=1&z=0,http://www.google.com
page3.html?x=2&b=3&y=0&c=0&z=3&d=3&e=0,
page4.html?b=0&e=1&d=2,http://www.google.com
page1.html,
page2.html?a=1&x=2&c=3&b=1&y=1&e=2,http://facebook.jp
page5.html?z=2&e=2&d=1&b=2&x=2,
page4.html?x=1&z=1,http://badsite.com
page2.html?z=1&c=3&y=1&d=1&b=2&e=3&a=2,http://facebook.jp
index.html?e=1&a=2&y=2&x=3&c=0&b=1,http://www.google.com
page3.html?c=1,http://www.google.com
page5.html?b=3&z=3&d=3&a=0&y=1&x=2,http://yahoo.co.jp
page4.html?x=2,http://www.google.com
page5.html?e=2&a=2&y=3&c=1&d=2&x=2&b=1,http://badsite.com
page3.html,http://yahoo.co.jp
page2.html,http://yahoo.co.jp
page5.html?b=1,http://facebook.jp
page5.html?e=1&y=3&x=0&z=1&d=0&a=3&b=1&c=1,http://www.google.com
page3.html,http://facebook.jp
page1.html?d=3&a=0&x=0&y=1&z=0&e=1,http://facebook.jp
page4.html,http://www.google.com
index.html?x=3&d=0&b=0,http://www.google.com
index.html?e=3&x=1&d=3&y=2&c=2&a=1&z=1&b=3,http://badsite.com
page3.html?c=1&e=1&z=3&a=1&y=1&x=0,http://yahoo.co.jp
page4.html?y=1&z=1&b=3,http://badsite.com
page4.html?y=1&x=3,http://yahoo.co.jp
index.html?c=1&z=3&b=3&a=3&e=2&x=1,http://www.google.com
page1.html,http://facebook.jp
page5.html?z=3,http://facebook.jp
page3.html?c=2&z=2,http://www.google.com
page3.html?y=3&x=3&e=1&a=3&d=2&b=1,http://www.google.com
index.html?d=3&z=1&x=2&c=1,http://badsite.com
page5.html?a=0&z=2,http://www.google.com
page5.html?b=0&d=3&y=0&a=0,http://facebook.jp
page1.html?z=0&d=0&b=1&y=2&x=1&c=2&a=0&e=1,http://yahoo.co.jp
index.html?c=3&b=0&z=0&d=1&e=0,
page3.html?x=3&z=3,http://yahoo.co.jp
index.html?x=0&y=3&e=3,
index.html?e=0&c=3&x=2&d=1&z=0&y=1&b=1&a=3,http://facebook.jp
page1.html?y=0&z=2&a=3&c=1&e=2,http://yahoo.co.jp
page5.html?d=2&x=3&a=1,http://www.google.com
page5.html?a=3,http://badsite.com
page1.html?x=3&e=0,http://badsite.com
page5.html?y=2&d=0&a=1,http://badsite.com
page1.html,http://facebook.jp
page4.html?a=2&x=0&d=2&b=2&y=2,http://facebook.jp
page5.html?a=1&z=3&e=2&y=0&c=3&x=2,http://badsite.com
page4.html?x=1&y=3&b=1&d=3&e=2,http://yahoo.co.jp
index.html?y=3&c=2&z=2&b=3&a=2,http://facebook.jp
index.html?d=2&e=0&c=3&x=3&z=3&y=1,http://facebook.jp
page5.html?x=2&d=2&c=2&y=1&a=1,
page3.html?x=3,http://badsite.com
page3.html?z=3&x=0,http://www.google.com
index.html?z=1&e=0&c=2&a=0&x=2&y=3&d=2,http://www.google.com
page1.html?e=3&x=0&c=2&z=0&y=0,http://facebook.jp
page3.html?z=1&c=1,http://www.google.com
page2.html?e=0,http://yahoo.co.jp
page4.html?b=1&a=1&c=0&y=0,
page1.html?y=2&b=1&d=0&x=2&c=1,
page5.html?c=2&z=3&x=1&a=3&e=0,http://facebook.jp
page3.html?a=3,http://badsite.com
page3.html?d=1&y=2&x=2&c=3&e=1&b=1&a=3&z=3,http://www.google.com
index.html?a=1&z=1&y=1&x=3&e=0&d=1&b=3&c=1,http://yahoo.co.jp
page2.html?d=0&e=3&c=2&b=0&y=3&a=0,http://facebook.jp
page2.html?b=0&y=1&x=3,http://badsite.com
index.html?b=3&y=0&z=2&d=3&a=3&e=2&x=2,http://badsite.com
index.html,http://facebook.jp
page5.html?c=3&y=2,
page2.html?z=1&a=0,http://yahoo.co.jp
page3.html?y=3&d=3&x=1&e=3&z=3&a=3&c=3,http://badsite.com
page4.html?y=1&z=0&b=2&d=2,http://www.google.com
page5.html?a=1&x=3&d=1&y=1,http://facebook.jp
page5.html?x=0&z=3,http://badsite.com
page4.html?x=1&c=3&y=1&z=0,http://yahoo.co.jp
page4.html?c=2&d=0&z=0&x=3&e=2&y=0&b=3&a=2,http://www.google.com
page3.html?c=3&b=1&e=1&d=3&z=1&y=2&x=3,
page3.html?y=0&c=3&e=0&b=2,http://badsite.com
page2.html,http://www.google.com
index.html,http://www.google.com
page4.html,http://facebook.jp
index.html,
page5.html?d=0,
page1.html,
page5.html?c=2&d=0&z=1&y=1&x=0,http://www.google.com
index.html?a=3&c=2&e=2&x=3,http://www.google.com
index.html?e=0&a=2&c=3&d=0&b=0&z=0,http://badsite.com
page2.html?a=3,http://badsite.com
page4.html?z=3,http://yahoo.co.jp
index.html?y=0,http://yahoo.co.jp
page1.html?e=0&z=3&x=2,http://facebook.jp
page2.html?e=0&b=3&x=0&c=1&y=3&z=2&d=0&a=3,http://facebook.jp
page5.html?b=3&e=0&d=1&z=1,http://yahoo.co.jp
page1.html?d=3&x=2,http://badsite.com
page5.html?y=2&x=1&e=1&c=0&z=3,http://badsite.com
page1.html?a=3&d=2,
page2.html?x=3&z=3&d=0,http://www.google.com
page1.html?e=0&a=0&x=3,http://www.google.com
page4.html?c=1&d=1&y=2&x=3&b=3,http://www.google.com
page1.html?c=0&z=3&b=0&e=1&x=3,http://facebook.jp
page1.html?y=0&a=1&x=1&z=2&c=0&d=0&b=3&e=3,http://facebook.jp
page5.html?d=1&e=3,http://badsite.com
page2.html?b=0&d=0&a=3&x=2&c=2,http://badsite.com
index.html?b=1&a=1&e=2&c=3&x=2,
page2.html?x=1&e=2&d=0,http://facebook.jp
page2.html,
index.html?y=1,http://yahoo.co.jp
page3.html?y=3&e=1&b=3&a=1&z=0&x=0&c=2&d=1,http://www.google.com
index.html?y=1&z=3&x=1&c=0&e=3&a=2&b=1,http://facebook.jp
page4.html?c=1&b=0&y=3&d=2,http://www.google.com
page1.html?z=2&c=0&y=1&e=2&a=0&x=3&d=0,
page4.html?a=2&c=3&x=0&e=1,
index.html?a=1&b=0&z=0&c=0&y=0&x=0&d=1,http://yahoo.co.jp
page5.html?d=3&z=1&a=2&c=1,http://yahoo.co.jp
page2.html?d=3&a=2&b=1&e=0&x=3,http://badsite.com
page3.html?x=3&z=0&b=3,
page2.html?a=1&e=0&y=3&d=0&b=3&z=1,http://badsite.com
page1.html?x=1&b=3&y=1&a=1&e=2,http://badsite.com
page4.html?c=2,http://facebook.jp
page1.html?c=3&x=2&e=1&d=2&y=0&b=2&a=1,http://www.google.com
page3.html?a=1,http://www.google.com
page3.html?z=1&c=3,http://facebook.jp
index.html?y=2&z=2&b=2,http://www.google.com
index.html?d=1&c=1&y=1&b=2,http://www.google.com
page3.html?e=3,http://yahoo.co.jp
page5.html?a=3&z=3&d=2&x=3&y=0&c=3&e=0,http://www.google.com
page2.html?x=1,
page3.html?e=3&x=3&c=1&a=2&z=2&y=3&d=2,http://facebook.jp
page4.html?c=0&e=2&b=1&x=1&d=0&z=0&a=2,http://www.google.com
page3.html?y=1&a=3&d=3&c=3&b=2&e=2&x=3,http://facebook.jp
page5.html?c=3&z=2&x=3&a=1&e=0&b=2&y=1,http://badsite.com
page5.html?x=1&d=2&b=0,http://badsite.com
page1.html?z=0&d=1&y=1,http://facebook.jp
page4.html?b=2&z=2&d=1&e=1&y=0&a=2,http://facebook.jp
page5.html?a=1&b=3&x=0&e=3,
page2.html?x=3&y=3&z=2&e=0&c=0&b=2&a=3,http://yahoo.co.jp
index.html?d=3,
page5.html?e=1&y=3,http://facebook.jp
page4.html?c=2,
page1.html?z=3&e=3&a=3&b=0&d=0&y=0&c=3,http://yahoo.co.jp
index.html?b=0&z=1&a=3&d=3&c=2,http://facebook.jp
page4.html?c=2&x=3&d=2,http://www.google.com
page4.html?a=2,http://badsite.com
page1.html?y=1&z=0&d=1,
page4.html?y=2&x=1&d=0&z=1&c=3&b=0,http://facebook.jp
page4.html?d=2&y=0&z=3&x=2,http://badsite.com
page3.html?e=0&y=1&a=2&c=1,http://www.google.com
page3.html?x=0&y=2&e=1&b=3&d=3,http://facebook.jp
page1.html?c=0&y=3&b=1&a=1,http://www.google.com
page3.html?a=0&c=2&d=3&e=3&y=3,http://yahoo.co.jp
page3.html?x=1&d=1&c=3&y=1&e=3&z=0,http://yahoo.co.jp
page5.html?d=1&e=2&y=3,
page1.html?z=3&b=1&c=2&a=1&d=0,
page4.html?a=0,http://www.google.com
index.html?d=2&a=2&y=3,
page1.html?e=2&y=0&a=2&c=2&x=0&b=1,
page4.html,http://www.google.com
page1.html?e=2&y=1&b=3&c=0&a=1,http://yahoo.co.jp
page3.html?y=2&c=3,http://facebook.jp
page2.html?b=1&a=3&d=2&z=0&e=2,http://facebook.jp
page5.html?d=0&z=2&e=2&x=0&a=1&b=1,http://yahoo.co.jp
page3.html?z=3&e=0&b=1&a=3&d=2&x=1&c=2&y=2,http://facebook.jp
page4.html?y=1&d=3&x=2&c=3&z=3&b=1&a=1&e=3,http://www.google.com
page1.html?e=0&a=3&z=3,http://www.google.com
page5.html?a=0&z=2&e=2&c=0&x=2&b=0&y=1&d=1,http://facebook.jp
page1.html?b=3&d=1&c=1&z=2&a=0,http://badsite.com
page4.html?x=2&c=0&e=0&z=3&a=1,http://badsite.com
page2.html,http://badsite.com
page2.html?e=0&z=2&d=1&c=1,http://badsite.com
page4.html?c=1&e=2&a=1&b=2&d=2&y=0&x=0,http://www.google.com
index.html?e=3&d=0&c=1&b=0&z=3,http://facebook.jp
index.html,http://badsite.com
page2.html?c=0&d=1&x=1&z=3&b=3,http://facebook.jp
page2.html?z=2&b=1&c=3&d=1&x=2&y=1,http://yahoo.co.jp
page4.html?c=1&b=1,http://yahoo.co.jp
page1.html?d=2&x=2&c=2,
page1.html?d=0,
page1.html?y=1&a=0&d=0&z=2&x=0&e=1&b=3&c=2,http://yahoo.co.jp
index.html?y=2&c=1&x=0&e=3,
page1.html?e=2&a=1&x=0,http://www.google.com
page3.html?x=3&a=2&z=0&e=3,http://facebook.jp
index.html?c=1&a=3&e=1,http://www.google.com
page4.html?d=2&e=2&y=1,
page3.html?c=1&x=2&d=1,http://yahoo.co.jp
page4.html?z=0&a=0&e=1&y=0&c=0&b=3&d=2&x=2,http://facebook.jp
page2.html,http://facebook.jp
page3.html?y=1,http://facebook.jp
page4.html?x=2&c=1&a=0&z=2&d=2&b=2&y=3,http://badsite.com
page5.html?a=3&x=1,http://facebook.jp
page4.html?z=3&c=1,
page3.html?a=1,
page5.html,http://yahoo.co.jp
page1.html?x=1&y=0&c=0&z=2&a=3&d=2,http://badsite.com
page5.html?d=2&c=3&b=0&e=2&x=2&y=1,
page2.html?x=1,
page2.html?b=0&d=1&z=2&x=0&a=0&e=2&y=0,
page4.html?z=3,
index.html?e=3&x=1,http://badsite.com
page4.html?y=2&b=0&e=2&d=3&a=1&x=0&c=3,
page3.html?a=3&e=2&b=2&d=0&c=0&z=1&x=0&y=2,http://yahoo.co.jp
page1.html?b=2&e=0,
page5.html,
page3.html?z=3,http://facebook.jp
page4.html?e=1&x=3,http://badsite.com
page3.html?e=0,http://www.google.com
page1.html?e=1&d=0&b=1&y=1&a=2&c=3&x=0,http://facebook.jp
page1.html?b=1&z=1,http://yahoo.co.jp
index.html?a=1&c=2&d=0,http://yahoo.co.jp
page3.html?c=2&x=2&a=3&y=1&d=3&z=2&b=2&e=0,http://www.google.com
page4.html?d=1,http://yahoo.co.jp
page2.html?x=3&z=2&d=3&e=1&a=2&b=0,http://www.google.com
index.html,http://facebook.jp
page2.html?c=2&e=2,
index.html?c=1&b=3&x=1&a=0&d=3&e=1&z=1&y=1,http://www.google.com
index.html?a=0&e=0&c=3&d=0&b=0&y=3&z=0,http://www.google.com
page4.html?e=0&d=0&y=2&z=1,http://www.google.com
page1.html?y=1&c=0&e=0&x=2&b=1,http://www.google.com
index.html?b=0&c=2&e=0&y=1&z=1,
page2.html?b=0&z=1&x=3&y=1&c=0&e=0,http://yahoo.co.jp
page1.html?a=0&e=1&y=2&c=1&z=3&d=0,http://badsite.com
index.html?d=3&a=0&b=0&e=3&z=0&c=1&y=2,http://yahoo.co.jp
page2.html,http://yahoo.co.jp
page5.html?y=1&x=0&z=1&c=0,http://www.google.com
page5.html?d=3&c=3&z=2&x=1,http://badsite.com
index.html?x=1&e=3&c=3&a=2&d=3&z=1,http://yahoo.co.jp
page4.html?c=3&b=3&a=1&x=1&d=0&y=1&e=0&z=1,http://www.google.com
page2.html?y=1&c=3,
page2.html?e=3&c=2&b=3&a=1&x=0&z=0&d=2&y=1,
page3.html,http://facebook.jp
page4.html?b=2&e=0&a=3&d=2,http://facebook.jp
page4.html?e=0&c=1&b=1&a=3&d=3&x=3&y=3,http://yahoo.co.jp
page4.html?b=2&x=1,http://yahoo.co.jp
page4.html?y=2&e=3,http://facebook.jp
index.html?z=2&x=0&b=2&d=2&y=0&e=3&a=1,http://badsite.com
page4.html?e=2&d=3,
page3.html?y=1&b=1&d=1&e=2&a=3,http://yahoo.co.jp
page5.html?a=2&x=0&d=3&e=2&b=3&y=3&c=0,http://facebook.jp
page1.html?z=1&a=3&c=1&y=1&d=2&x=1&b=0&e=0,http://yahoo.co.jp
page4.html?y=3&e=1&x=3,http://badsite.com
page1.html?c=1&x=1,http://yahoo.co.jp
page1.html?y=1&c=3&b=1&e=2&z=1&x=3,http://badsite.com
page4.html?b=1&d=3&e=0&c=3&z=0&x=1,http://badsite.com
page3.html?y=3,http://badsite.com
page5.html?a=2,http://yahoo.co.jp
page1.html,
page1.html?b=0&z=1&a=2&c=0&d=0&y=1,http://www.google.com
page3.html?z=0,http://badsite.com
page4.html?e=0&z=3&b=1&c=1&d=3,http://www.google.com
page4.html,http://facebook.jp
page3.html?c=1&a=2&d=3&b=3,http://www.google.com
page1.html?z=1,http://facebook.jp
page1.html?e=3&a=0&z=3&x=1,http://badsite.com
index.html?e=0&c=1,
page5.html?d=2&c=0&x=2&b=2,http://yahoo.co.jp
page3.html?a=0&c=3&b=2&z=3,
page5.html?e=0&x=3&z=3&d=3&b=3&a=2,
page3.html?y=0&x=2&c=0&b=2,http://www.google.com
page3.html,http://yahoo.co.jp
page5.html?y=2&z=0&a=1&b=0&c=0&d=3,http://badsite.com
page1.html?e=3&y=0,http://badsite.com
page1.html?x=0&y=0&e=3&d=2,http://www.google.com
page1.html?e=2&c=0,http://facebook.jp
page1.html?a=0&d=3&y=2&c=0,http://facebook.jp
page1.html?e=1&x=3&a=0&y=3&d=3&z=2&b=0,http://badsite.com
index.html?e=2&a=1,http://facebook.jp
page3.html?z=0&c=3&a=2&y=0&e=0&b=2&d=3&x=2,
page3.html,
page1.html?e=2&c=1,http://www.google.com
page2.html?a=3&d=3&c=1&e=0&z=3&x=3,
page3.html?z=1&b=2,
page1.html?x=1&y=0&b=1&c=1&a=0&d=2&e=2,http://www.google.com
page5.html?x=3&y=2&z=2&c=1,http://badsite.com
page4.html?y=3&e=0&b=2&x=0,http://badsite.com
index.html?c=1&x=0,
page3.html?y=2&z=1,http://facebook.jp
page2.html?a=3&z=1&e=2&y=0,http://facebook.jp
page4.html?a=1&x=3,http://badsite.com
page3.html?y=3&z=2&b=0,http://badsite.com
page3.html?d=3&e=3&b=2&x=3&a=3&c=3,http://facebook.jp
page1.html?a=3&x=1&d=2&b=2&y=1&c=0,http://facebook.jp
page1.html?a=2&x=1&c=0&z=2,
page2.html?c=0&x=1,http://facebook.jp
page1.html?y=0&c=1&d=1&x=3&b=1&z=0&e=1,http://yahoo.co.jp
page2.html?y=1&b=1&c=1&e=3&d=2&a=1,http://www.google.com
page5.html?e=2&y=2&x=3,http://badsite.com
page3.html?x=2&z=0&a=3&e=0&b=2&y=3&c=3,http://badsite.com
page5.html?y=2&z=1&a=0&x=2&d=0,http://badsite.com
page5.html?d=1&y=0&a=0&x=0&e=3&b=3&z=3&c=2,
index.html?a=3&y=1&d=0,
page5.html?y=0&e=2&x=3&z=0,http://yahoo.co.jp
page3.html?x=2&d=2&e=3&z=2&c=2&y=1&a=2&b=2,http://facebook.jp
page4.html?e=0&d=0&b=2&x=2&z=0&a=3&c=2&y=1,http://www.google.com
page2.html?y=0,http://yahoo.co.jp
page4.html?c=2&z=2,http://www.google.com
page2.html?z=1&b=3&e=3&d=0&y=3&x=2,http://facebook.jp
page1.html?a=0&x=3&d=2&c=3,http://badsite.com
page3.html?d=3,http://yahoo.co.jp
page4.html?d=2&e=1&c=2&a=1,
page4.html?c=0,
page1.html,http://badsite.com
page3.html,http://badsite.com
page5.html?y=2&a=2&z=3&d=2,http://yahoo.co.jp
page3.html?b=2&d=1&y=2&z=2&c=2,
page5.html?z=1,
page4.html?y=1&x=0&d=0&z=3&c=1,http://facebook.jp
page4.html?b=1,http://facebook.jp
page1.html?y=2&b=3&e=1&d=1&x=2&a=2&z=2,http://www.google.com
page4.html?d=3&c=1&b=2&a=0&x=1,http://yahoo.co.jp
page3.html?b=3&c=1&a=3&z=2&x=0,http://badsite.com
page2.html?c=3&z=2&d=0&x=2,http://facebook.jp
page5.html?x=0&z=1&y=1&a=1&e=0,http://www.google.com
page5.html?x=1&y=2&e=2&b=0,http://yahoo.co.jp
page4.html?a=0&e=3,http://facebook.jp
page5.html?y=3&e=0&a=1&x=1,http://facebook.jp
page4.html?b=1&z=0&d=1&y=3&e=3&x=2&c=3,
page5.html?y=3&e=0,
page3.html?x=2&e=0,
page2.html?c=2&x=1&y=3&e=3&a=1,http://www.google.com
page5.html,http://badsite.com
page1.html?x=3&b=0&a=0&e=1&y=2&z=1&c=0&d=3,http://facebook.jp
index.html?d=2&c=1&e=3&a=3&z=1&x=1&y=1&b=3,http://www.google.com
page4.html?z=0&a=0&c=1&d=1&y=0&e=2&x=1&b=0,http://badsite.com
page5.html?x=3&a=2&b=1&z=2,http://www.google.com
page3.html?e=3&x=3&d=3,http://badsite.com
page5.html?x=2&y=3&z=2,http://www.google.com
index.html?d=2&a=2&x=2&z=0&e=0&y=2,
index.html,http://badsite.com
page2.html?e=3&x=0&y=3&a=0&z=1&d=1&c=3,http://www.google.com
page5.html?b=3&c=2&y=0&x=1&z=0,http://yahoo.co.jp
page5.html?x=1&y=2&a=1&b=2&c=0,http://www.google.com
page1.html?d=3&e=1&z=2&y=0&b=3,
page3.html,
index.html?b=1&c=3&a=3&x=2&e=1&z=3&d=1,http://www.google.com
page4.html?b=0&a=3,
page2.html?x=1&y=3,
page2.html?a=0&c=1,http://facebook.jp
page2.html?x=2&y=2&d=0&e=2&z=2&a=2&c=2&b=0,http://badsite.com
page2.html?d=0&z=1&a=0&b=1&e=1&x=1&y=3&c=1,http://facebook.jp
page3.html?z=2,http://badsite.com
page4.html?b=0&a=0&d=3&c=2,http://yahoo.co.jp
page2.html?d=3&c=3,http://badsite.com
page2.html?e=1&a=2&d=3&b=2&x=1&c=3&y=2,http://www.google.com
page1.html?b=3&z=3&y=3&x=2,http://facebook.jp
page2.html?y=2&z=0&b=3&d=1&x=2&a=3,http://facebook.jp
index.html?z=3&x=2&c=0&y=2&e=1&b=1&a=1,http://www.google.com
page5.html?c=1&y=2&e=3&b=1&x=2&z=3&a=2,http://badsite.com
page5.html?d=2,http://www.google.com
page5.html?b=2&e=2&z=2&y=0&c=1&d=2,
page2.html?a=3&y=2&z=1&x=0&c=0&e=0&b=3&d=0,http://yahoo.co.jp
page5.html?b=1&c=2&a=1,http://yahoo.co.jp
page5.html?e=3&d=2&z=3&x=0&b=3,http://badsite.com
index.html?x=0&y=2&e=1&d=2&c=0&b=2&a=1,http://yahoo.co.jp
page4.html?z=1&b=1&c=0&x=0,
page2.html,http://facebook.jp
page2.html?z=2&x=1&d=3&b=3,http://yahoo.co.jp
index.html?b=2&c=1&y=2&d=3,http://facebook.jp
page3.html?e=0&a=2&c=3&d=2,http://www.google.com
index.html?y=2&z=1&a=1&d=0&x=3&c=3&b=0&e=1,http://badsite.com
page2.html?x=1,
page2.html?b=1&a=3&e=1&x=3&z=1&y=2&c=2&d=0,http://facebook.jp
page5.html,
index.html,http://yahoo.co.jp
page1.html?c=1&y=2&z=0&b=0&a=2&x=1&d=3&e=0,http://facebook.jp
index.html?a=1&y=1&z=1&d=2&e=1&x=3&b=0,http://yahoo.co.jp
page1.html?a=0&x=0&b=3&d=1&y=0&z=2&c=2&e=1,http://facebook.jp
page3.html?z=3&d=1&b=3,http://yahoo.co.jp
page5.html?y=1,
page4.html?x=2&d=2&z=2&b=2&a=0&c=3&y=1,http://yahoo.co.jp
page5.html?x=2,http://badsite.com
page3.html?a=3&d=1&e=0&b=2&x=0,http://yahoo.co.jp
page4.html?y=3&c=2&a=2,http://www.google.com
page5.html,
page5.html?a=3&d=2&c=2&b=0,http://yahoo.co.jp
page3.html?a=0&x=2&b=0&z=3&e=2,http://facebook.jp
page5.html?z=2,http://facebook.jp
page2.html?d=0&b=1&a=2&z=0&e=1&x=2&y=2,
page2.html?z=2&b=1&d=2&x=1&y=3,http://facebook.jp
page2.html?e=2&x=0&a=3&c=3&b=2&z=1,http://facebook.jp
page2.html?z=1&b=0,http://badsite.com
index.html?c=1&b=1&y=2&a=3&x=1&d=2&e=3,http://facebook.jp
index.html?a=1&x=1&e=2&c=1&b=2&y=2&z=1&d=0,http://www.google.com
index.html,http://www.google.com
page5.html?x=1&y=0,
page2.html?z=2&y=1&x=2&c=2&e=1&b=3,http://badsite.com
page1.html,http://facebook.jp
page2.html?d=0&c=3&a=0&z=1&b=1&e=3,http://yahoo.co.jp
page3.html,http://badsite.com
index.html?d=0,http://www.google.com
page3.html?e=2&x=2&y=3,http://www.google.com
page4.html?z=2&d=2&a=3&b=0,http://www.google.com
page2.html,http://facebook.jp
page2.html?d=1&a=1&b=2,http://www.google.com
page4.html?y=2&z=2&d=3,
page1.html?c=1&d=2&z=2,
page4.html?x=2&y=0&c=2&z=3&e=0&d=0&a=2,http://badsite.com
page5.html?c=1&e=1&z=2&d=0,
index.html?e=2&x=2&d=3&z=2,http://www.google.com
page5.html,http://badsite.com
index.html?d=1&z=3&x=0&y=0&b=3&a=2,http://yahoo.co.jp
page2.html?a=0&c=1&d=2&x=3,http://facebook.jp
page5.html?x=1&c=0&b=2&y=2&d=1&a=1,http://yahoo.co.jp
index.html?c=0&z=2&d=1&e=3&a=2&x=1,http://facebook.jp
page3.html,http://facebook.jp
page4.html?e=0&x=3&y=0&d=3&z=3&b=0&a=2&c=0,http://yahoo.co.jp
index.html,http://yahoo.co.jp
page2.html?b=0&c=3&z=3&y=1&x=2&e=3&a=0,
page2.html,http://facebook.jp
page5.html?y=2&c=3&x=0&e=2&a=3&z=0&d=1,http://facebook.jp
page1.html?e=0&y=3&z=3&x=3&b=3&a=3,
index.html?e=2&y=2&b=2,http://badsite.com
page3.html?d=0,
page2.html?y=0,http://badsite.com
page4.html?b=3&x=3&d=1&e=1&c=0&y=2&a=0&z=2,
page5.html?d=0,
page1.html?d=3&x=2,http://facebook.jp
page5.html?c=0&y=2&e=1&a=2&x=2,http://www.google.com
page2.html?b=3&z=0&x=3,http://badsite.com
page5.html?b=0&a=3&z=2&d=1&y=1&c=0&x=3,
index.html?d=0&z=2&b=1&x=0,http://www.google.com
page4.html?a=2,http://badsite.com
page2.html?c=2,http://facebook.jp
page1.html?y=3&b=1&e=3&d=2&x=2&z=1&a=0&c=0,http://badsite.com
page5.html?e=0&z=0&c=2&y=2&b=0&x=3&a=2,http://yahoo.co.jp
page3.html?y=3&z=1&a=3,http://facebook.jp
page4.html?d=1&a=2,http://yahoo.co.jp
page5.html?x=3&c=0&a=0&z=0&e=0&d=3&y=3,http://yahoo.co.jp
page2.html?x=2&b=1&z=2&d=0&a=0&c=2,http://badsite.com
page2.html?x=1,http://facebook.jp
page2.html,
index.html?c=3&a=0&y=3&z=0&e=3,http://yahoo.co.jp
index.html?a=1&z=0&x=0&y=2&d=2&e=0&c=2&b=1,http://facebook.jp
page4.html?y=0,http://facebook.jp
index.html?b=2&x=1&e=3&c=3&z=1&a=1&y=1,http://badsite.com
page3.html,http://facebook.jp
page5.html?a=1&z=1&e=2&c=3&d=0&x=0&b=3,http://www.google.com
page5.html?c=1&e=0&d=1,http://www.google.com
index.html?d=1,http://www.google.com
index.html?c=3&y=1&b=1&d=3&x=2&e=3,http://www.google.com
index.html?a=2&z=3&y=1&e=3&c=0&x=1&d=2,http://badsite.com
index.html?e=1&x=3&c=1&b=1&y=0,http://yahoo.co.jp
index.html?d=2&b=3&c=2&z=3,http://yahoo.co.jp
page2.html?b=3&z=0&d=2,http://badsite.com
page5.html?e=2&z=1,http://badsite.com
page1.html?x=1&e=1&y=1,http://yahoo.co.jp
page1.html?z=2&x=0&d=1&a=0&c=1&e=3&b=2,http://facebook.jp
page4.html,http://facebook.jp
page3.html?d=0&b=0&e=2&z=0&x=2&a=2,
page3.html?d=0&y=3&a=2&x=2&e=2,http://yahoo.co.jp
page1.html?e=2&x=0&b=2,http://facebook.jp
page5.html?e=2&x=3&b=0&d=2&y=2,http://www.google.com
page3.html?z=2&c=0,http://yahoo.co.jp
page4.html?d=1&x=1,
page1.html?x=0&b=1&y=0&e=0&c=1,http://facebook.jp
page1.html?e=2&z=0&c=2&x=2&b=1&y=0&d=3&a=3,http://yahoo.co.jp
page5.html?c=2&a=0&x=0&b=3&z=0&y=1&d=1&e=3,http://yahoo.co.jp
page3.html?d=2,http://badsite.com
page5.html?d=3&z=0&c=1,http://facebook.jp
index.html?z=0&y=3&a=0,http://yahoo.co.jp
page1.html?d=2&c=0&b=3,
page5.html?d=1&z=3&x=0&b=1&e=2&c=1&a=0&y=2,
page4.html?d=1&a=1&e=1&b=1,http://badsite.com
page1.html?a=3,http://facebook.jp
index.html?d=0,http://badsite.com
page3.html?d=3&b=1&e=0&z=3&y=0&c=1&x=3&a=3,http://www.google.com
page1.html?e=2&a=3&x=3&y=0&b=3&c=3&d=3,http://badsite.com
page2.html?x=3&d=3&e=3,http://facebook.jp
page4.html?a=0,http://badsite.com
page1.html?e=3&a=1&x=3,http://badsite.com
page4.html?c=1,
page4.html?e=1&a=1&c=3&y=3&x=0&d=0&z=1&b=3,
page3.html,http://www.google.com
page1.html,http://badsite.com
page3.html?e=0&b=0&z=0&d=0&c=3,
page1.html?x=2&a=0&b=2&y=1&z=2,http://badsite.com
page1.html?a=2&x=3&d=1&b=3&z=0&e=1&y=0,
page3.html?c=1&y=1&x=3&z=0&a=2&e=2&b=1,http://badsite.com
page2.html?d=1&e=2&b=2,http://badsite.com
page2.html?z=2,http://yahoo.co.jp
page4.html?b=0&z=1&y=2&a=0&e=0&d=0&x=2&c=1,http://facebook.jp
page4.html?c=2&b=1&d=3,http://www.google.com
page1.html?z=3&d=3&c=2,
index.html?z=3&e=2&d=0&a=3&c=3&b=3&x=0,
page4.html,http://badsite.com
page2.html?z=1&e=2&b=3,http://badsite.com
page3.html?e=0&d=2&b=2&y=2&a=2,http://badsite.com
page4.html?e=2,http://www.google.com
page5.html?b=3&d=3&y=0&z=3&x=1,http://badsite.com
page2.html?c=2&e=1&x=1,
page1.html?a=1&c=3&x=2&d=1,http://facebook.jp
page3.html?e=2&b=3&x=2&d=3&c=1&z=0,http://yahoo.co.jp
index.html?b=2&a=2&c=0&z=0&d=0&x=3,http://www.google.com
page5.html?x=0,
page1.html?e=2&a=3&d=2&c=0&y=2&z=1&b=0,http://badsite.com
page3.html?a=2&x=0&b=3&c=3,http://facebook.jp
page1.html?b=3&c=3&x=1&a=3&e=2,http://yahoo.co.jp
page5.html,http://badsite.com
page2.html,http://www.google.com
index.html?x=3&z=1&b=1,
